<?xml version="1.0" encoding="UTF-8"?>
<!-- Generated by org.testng.reporters.JUnitReportReporter -->
<testsuite skipped="1" hostname="DESKTOP-4PDFKMD" name="testRunener.TestRunner" tests="1" failures="0" timestamp="15 Nov 2019 18:12:09 GMT" time="26.118" errors="0">
  <testcase name="runScenario" time="26.118" classname="testRunener.TestRunner">
    <skipped/>
  </testcase> <!-- runScenario -->
</testsuite> <!-- testRunener.TestRunner -->
