<?xml version="1.0" encoding="UTF-8"?>
<!-- Generated by org.testng.reporters.JUnitReportReporter -->
<testsuite skipped="0" hostname="DESKTOP-4PDFKMD" name="test.TestEx" tests="1" failures="0" timestamp="2019-11-05T12:44:14 CST" time="0.030" errors="0">
  <testcase name="Test" time="0.030" classname="test.TestEx"/>
</testsuite> <!-- test.TestEx -->
